--2017-03-18 13:56:08--  http://www.sysmap.com.br/sysmap-theme/css/fonts/din_light-webfont.ttf
Resolving www.sysmap.com.br... 186.249.1.250
Connecting to www.sysmap.com.br|186.249.1.250|:80... connected.
HTTP request sent, awaiting response... 200 OK
Length: 28968 (28K) [application/x-font-ttf]
Saving to: ‘din_light-webfont.ttf’

     0K .......... .......... ........                        100%  130M=0s

2017-03-18 13:56:08 (130 MB/s) - ‘din_light-webfont.ttf’ saved [28968/28968]

--2017-03-18 13:56:09--  http://www.sysmap.com.br/sysmap-theme/css/fonts/din_light-webfont.woff
Resolving www.sysmap.com.br... 186.249.1.250
Connecting to www.sysmap.com.br|186.249.1.250|:80... connected.
HTTP request sent, awaiting response... 200 OK
Length: 19080 (19K) [application/x-font-woff]
Saving to: ‘din_light-webfont.woff’

     0K .......... ........                                   100% 78.8M=0s

2017-03-18 13:56:09 (78.8 MB/s) - ‘din_light-webfont.woff’ saved [19080/19080]

--2017-03-18 13:56:09--  http://www.sysmap.com.br/sysmap-theme/css/fonts/din_light-webfont.woff2
Resolving www.sysmap.com.br... 186.249.1.250
Connecting to www.sysmap.com.br|186.249.1.250|:80... connected.
HTTP request sent, awaiting response... 200 OK
Length: 14564 (14K) [text/plain]
Saving to: ‘din_light-webfont.woff2’

     0K .......... ....                                       100% 4.11M=0.003s

2017-03-18 13:56:09 (4.11 MB/s) - ‘din_light-webfont.woff2’ saved [14564/14564]

--2017-03-18 13:56:09--  http://www.sysmap.com.br/sysmap-theme/css/fonts/din-webfont.ttf
Resolving www.sysmap.com.br... 186.249.1.250
Connecting to www.sysmap.com.br|186.249.1.250|:80... connected.
HTTP request sent, awaiting response... 200 OK
Length: 39580 (39K) [application/x-font-ttf]
Saving to: ‘din-webfont.ttf’

     0K .......... .......... .......... ........             100% 22.0M=0.002s

2017-03-18 13:56:09 (22.0 MB/s) - ‘din-webfont.ttf’ saved [39580/39580]

--2017-03-18 13:56:09--  http://www.sysmap.com.br/sysmap-theme/css/fonts/din-webfont.woff
Resolving www.sysmap.com.br... 186.249.1.250
Connecting to www.sysmap.com.br|186.249.1.250|:80... connected.
HTTP request sent, awaiting response... 200 OK
Length: 19764 (19K) [application/x-font-woff]
Saving to: ‘din-webfont.woff’

     0K .......... .........                                  100% 5.75M=0.003s

2017-03-18 13:56:09 (5.75 MB/s) - ‘din-webfont.woff’ saved [19764/19764]

--2017-03-18 13:56:10--  http://www.sysmap.com.br/sysmap-theme/css/fonts/din-webfont.woff2
Resolving www.sysmap.com.br... 186.249.1.250
Connecting to www.sysmap.com.br|186.249.1.250|:80... connected.
HTTP request sent, awaiting response... 200 OK
Length: 15076 (15K) [text/plain]
Saving to: ‘din-webfont.woff2’

     0K .......... ....                                       100%  153M=0s

2017-03-18 13:56:10 (153 MB/s) - ‘din-webfont.woff2’ saved [15076/15076]

